<?xml version="1.0" encoding="UTF-8"?>
<!-- Generated by org.testng.reporters.JUnitReportReporter -->
<testsuite skipped="0" hostname="DESKTOP-5N5GCJG" name="TutByTest" tests="1" failures="0" timestamp="13 июн 2018 13:17:50 GMT" time="19.816" errors="0">
  <testcase name="send" time="19.816" classname="TutByTest"/>
</testsuite> <!-- TutByTest -->
